<?xml version="1.0" encoding="UTF-8"?>
<testsuite name="com.kodilla.stream.sand.SendStorageTestSuite" tests="2" skipped="0" failures="0" errors="0" timestamp="2018-12-18T18:26:19" hostname="Maciejs-MacBook-Air.local" time="0.011">
  <properties/>
  <testcase name="testGetSandBeansQuantityWithReduce" classname="com.kodilla.stream.sand.SendStorageTestSuite" time="0.009"/>
  <testcase name="testGetSendBeansQuantity" classname="com.kodilla.stream.sand.SendStorageTestSuite" time="0.001"/>
  <system-out><![CDATA[]]></system-out>
  <system-err><![CDATA[]]></system-err>
</testsuite>
