<?xml version="1.0" encoding="UTF-8"?>
<testsuite name="com.kodilla.patterns.singleton.LoggerTestSuite" tests="1" skipped="0" failures="0" errors="0" timestamp="2018-11-05T17:04:45" hostname="Maciejs-MacBook-Air.local" time="0.0">
  <properties/>
  <testcase name="testGetLastLog" classname="com.kodilla.patterns.singleton.LoggerTestSuite" time="0.0"/>
  <system-out><![CDATA[Application Start
Log: [Last Log]
Application End
]]></system-out>
  <system-err><![CDATA[]]></system-err>
</testsuite>
