<?xml version="1.0" encoding="UTF-8"?>
<testsuite name="com.kodilla.patterns.factory.tasks.TaskFactoryTestSuite" tests="3" skipped="0" failures="0" errors="0" timestamp="2018-11-05T17:04:45" hostname="Maciejs-MacBook-Air.local" time="0.006">
  <properties/>
  <testcase name="testFactoryDrivingTask" classname="com.kodilla.patterns.factory.tasks.TaskFactoryTestSuite" time="0.004"/>
  <testcase name="testFactoryPaintingTask" classname="com.kodilla.patterns.factory.tasks.TaskFactoryTestSuite" time="0.001"/>
  <testcase name="testFactoryShoppingTask" classname="com.kodilla.patterns.factory.tasks.TaskFactoryTestSuite" time="0.001"/>
  <system-out><![CDATA[I thinking about: driving home by car
I start to: painting on Christmas baubles green Christmas tree
I need to: buy Christmas gift it will be about 15.0 gifts
]]></system-out>
  <system-err><![CDATA[]]></system-err>
</testsuite>
