<?xml version="1.0" encoding="UTF-8"?>
<testsuite name="com.kodilla.patterns.prototype.library.LibraryTestSuite" tests="1" skipped="0" failures="0" errors="0" timestamp="2018-11-20T23:10:53" hostname="Maciejs-MacBook-Air.local" time="0.031">
  <properties/>
  <testcase name="testGetBooks" classname="com.kodilla.patterns.prototype.library.LibraryTestSuite" time="0.031"/>
  <system-out><![CDATA[Library [Nycz's library]
Book:
Title: Secrets of Alamo
Author: John Smith
publication day: 2008-12-01
Book:
Title: Secretaries and Directors
Author: Dilbert Michigan
publication day: 2012-01-22
Book:
Title: Java Podstawy - Wydanie X
Author: Cay S. Horstmann
publication day: 2016-12-15

Library [NYCZ]
Book:
Title: Secrets of Alamo
Author: John Smith
publication day: 2008-12-01
Book:
Title: Secretaries and Directors
Author: Dilbert Michigan
publication day: 2012-01-22
Book:
Title: Java Podstawy - Wydanie X
Author: Cay S. Horstmann
publication day: 2016-12-15

Library [MACIEJ]
Book:
Title: Secrets of Alamo
Author: John Smith
publication day: 2008-12-01
Book:
Title: Secretaries and Directors
Author: Dilbert Michigan
publication day: 2012-01-22
Book:
Title: Java Podstawy - Wydanie X
Author: Cay S. Horstmann
publication day: 2016-12-15
Book:
Title: HarryPotter
Author: J.K Rowling
publication day: 2001-12-01

]]></system-out>
  <system-err><![CDATA[]]></system-err>
</testsuite>
