<?xml version="1.0" encoding="UTF-8"?>
<testsuite name="com.kodilla.jdbc.StoredProcTestSuite" tests="2" skipped="0" failures="0" errors="0" timestamp="2019-01-19T23:02:25" hostname="Maciejs-MacBook-Air.local" time="0.439">
  <properties/>
  <testcase name="testUpdateBestsellers" classname="com.kodilla.jdbc.StoredProcTestSuite" time="0.266"/>
  <testcase name="testUpdateVipLevels" classname="com.kodilla.jdbc.StoredProcTestSuite" time="0.172"/>
  <system-out><![CDATA[]]></system-out>
  <system-err><![CDATA[]]></system-err>
</testsuite>
